This is pdfTeX, Version 3.14159265-2.6-1.40.15 (TeX Live 2015/dev/Debian) (preloaded format=pdflatex 2015.7.26)  15 APR 2016 14:17
entering extended mode
 restricted \write18 enabled.
 %&-line parsing enabled.
**lab3.tex
(./lab3.tex
LaTeX2e <2014/05/01>
Babel <3.9l> and hyphenation patterns for 2 languages loaded.
(/usr/share/texlive/texmf-dist/tex/latex/base/article.cls
Document Class: article 2014/09/29 v1.4h Standard LaTeX document class
(/usr/share/texlive/texmf-dist/tex/latex/base/size10.clo
File: size10.clo 2014/09/29 v1.4h Standard LaTeX file (size option)
)
\c@part=\count79
\c@section=\count80
\c@subsection=\count81
\c@subsubsection=\count82
\c@paragraph=\count83
\c@subparagraph=\count84
\c@figure=\count85
\c@table=\count86
\abovecaptionskip=\skip41
\belowcaptionskip=\skip42
\bibindent=\dimen102
)
(/home/debian/pp/tex/ProofPower.sty
$Revision: 1.20 $ $Date: 2011/07/22 16:11:07 $
Package: ProofPower 
(/usr/share/texlive/texmf-dist/tex/latex/base/ifthen.sty
Package: ifthen 2014/09/29 v1.1c Standard LaTeX ifthen package (DPC)
)
\symAMSa=\mathgroup4
\symAMSb=\mathgroup5
LaTeX Font Info:    Redeclaring math symbol \emptyset on input line 9.
\ft@strutbox=\box26
\tabstop=\dimen103
\ftlmargin=\dimen104
\ftrmargin=\dimen105
\ft@width=\dimen106
\ftlinepenalty=\count87
\ftaboveboxskip=\skip43
\ftbelowboxskip=\skip44
\ftspaceskip=\muskip10
\@A=\dimen107
\@B=\dimen108
\@block=\box27
\@line=\box28
\UL@level=\count88
\UL@t=\count89
\RM@EX=\dimen109
\RM@EM=\dimen110
\endFT@penalty=\count90
\FR@Name=\box29
\FR@Above=\box30
\FR@Below=\box31
\FR@FullFtwidth=\dimen111
\FR@LHS=\box32
\FR@RhsRaise=\dimen112
\FR@Help=\toks14
\@oldtabstop=\dimen113
)
(/usr/share/texlive/texmf-dist/tex/latex/tools/verbatim.sty
Package: verbatim 2014/10/28 v1.5q LaTeX2e package for verbatim enhancements
\every@verbatim=\toks15
\verbatim@line=\toks16
\verbatim@in@stream=\read1
)
(/usr/share/texlive/texmf-dist/tex/latex/graphics/graphicx.sty
Package: graphicx 2014/04/25 v1.0g Enhanced LaTeX Graphics (DPC,SPQR)

(/usr/share/texlive/texmf-dist/tex/latex/graphics/keyval.sty
Package: keyval 2014/05/08 v1.15 key=value parser (DPC)
\KV@toks@=\toks17
)
(/usr/share/texlive/texmf-dist/tex/latex/graphics/graphics.sty
Package: graphics 2009/02/05 v1.0o Standard LaTeX Graphics (DPC,SPQR)

(/usr/share/texlive/texmf-dist/tex/latex/graphics/trig.sty
Package: trig 1999/03/16 v1.09 sin cos tan (DPC)
)
(/usr/share/texlive/texmf-dist/tex/latex/latexconfig/graphics.cfg
File: graphics.cfg 2010/04/23 v1.9 graphics configuration of TeX Live
)
Package graphics Info: Driver file: pdftex.def on input line 91.

(/usr/share/texlive/texmf-dist/tex/latex/pdftex-def/pdftex.def
File: pdftex.def 2011/05/27 v0.06d Graphics/color for pdfTeX

(/usr/share/texlive/texmf-dist/tex/generic/oberdiek/infwarerr.sty
Package: infwarerr 2010/04/08 v1.3 Providing info/warning/error messages (HO)
)
(/usr/share/texlive/texmf-dist/tex/generic/oberdiek/ltxcmds.sty
Package: ltxcmds 2011/11/09 v1.22 LaTeX kernel commands for general use (HO)
)
\Gread@gobject=\count91
))
\Gin@req@height=\dimen114
\Gin@req@width=\dimen115
)
(/usr/share/texlive/texmf-dist/tex/latex/float/float.sty
Package: float 2001/11/08 v1.3d Float enhancements (AL)
\c@float@type=\count92
\float@exts=\toks18
\float@box=\box33
\@float@everytoks=\toks19
\@floatcapt=\box34
)
(/usr/share/texlive/texmf-dist/tex/latex/amsmath/amsmath.sty
Package: amsmath 2013/01/14 v2.14 AMS math features
\@mathmargin=\skip45

For additional information on amsmath, use the `?' option.
(/usr/share/texlive/texmf-dist/tex/latex/amsmath/amstext.sty
Package: amstext 2000/06/29 v2.01

(/usr/share/texlive/texmf-dist/tex/latex/amsmath/amsgen.sty
File: amsgen.sty 1999/11/30 v2.0
\@emptytoks=\toks20
\ex@=\dimen116
))
(/usr/share/texlive/texmf-dist/tex/latex/amsmath/amsbsy.sty
Package: amsbsy 1999/11/29 v1.2d
\pmbraise@=\dimen117
)
(/usr/share/texlive/texmf-dist/tex/latex/amsmath/amsopn.sty
Package: amsopn 1999/12/14 v2.01 operator names
)
\inf@bad=\count93
LaTeX Info: Redefining \frac on input line 210.
\uproot@=\count94
\leftroot@=\count95
LaTeX Info: Redefining \overline on input line 306.
\classnum@=\count96
\DOTSCASE@=\count97
LaTeX Info: Redefining \ldots on input line 378.
LaTeX Info: Redefining \dots on input line 381.
LaTeX Info: Redefining \cdots on input line 466.
\Mathstrutbox@=\box35
\strutbox@=\box36
\big@size=\dimen118
LaTeX Font Info:    Redeclaring font encoding OML on input line 566.
LaTeX Font Info:    Redeclaring font encoding OMS on input line 567.
\macc@depth=\count98
\c@MaxMatrixCols=\count99
\dotsspace@=\muskip11
\c@parentequation=\count100
\dspbrk@lvl=\count101
\tag@help=\toks21
\row@=\count102
\column@=\count103
\maxfields@=\count104
\andhelp@=\toks22
\eqnshift@=\dimen119
\alignsep@=\dimen120
\tagshift@=\dimen121
\tagwidth@=\dimen122
\totwidth@=\dimen123
\lineht@=\dimen124
\@envbody=\toks23
\multlinegap=\skip46
\multlinetaggap=\skip47
\mathdisplay@stack=\toks24
LaTeX Info: Redefining \[ on input line 2665.
LaTeX Info: Redefining \] on input line 2666.
)
(/usr/share/texlive/texmf-dist/tex/latex/amsfonts/amsfonts.sty
Package: amsfonts 2013/01/14 v3.01 Basic AMSFonts support
LaTeX Font Info:    Redeclaring symbol font `AMSa' on input line 59.
LaTeX Font Info:    Overwriting symbol font `AMSa' in version `normal'
(Font)                  U/msa/m/n --> U/msa/m/n on input line 59.
LaTeX Font Info:    Overwriting symbol font `AMSa' in version `bold'
(Font)                  U/msa/m/n --> U/msa/m/n on input line 59.
LaTeX Font Info:    Redeclaring symbol font `AMSb' on input line 60.
LaTeX Font Info:    Overwriting symbol font `AMSb' in version `normal'
(Font)                  U/msb/m/n --> U/msb/m/n on input line 60.
LaTeX Font Info:    Overwriting symbol font `AMSb' in version `bold'
(Font)                  U/msb/m/n --> U/msb/m/n on input line 60.
LaTeX Font Info:    Overwriting math alphabet `\mathfrak' in version `bold'
(Font)                  U/euf/m/n --> U/euf/b/n on input line 106.
) (./fpic.sty)
(/usr/share/texlive/texmf-dist/tex/latex/graphics/color.sty
Package: color 2014/04/23 v1.1a Standard LaTeX Color (DPC)

(/usr/share/texlive/texmf-dist/tex/latex/latexconfig/color.cfg
File: color.cfg 2007/01/18 v1.5 color configuration of teTeX/TeXLive
)
Package color Info: Driver file: pdftex.def on input line 137.
)
(/home/debian/texmf/tex/latex/pstricks/pstricks.sty
Package: pstricks 2015/11/14 v0.62 LaTeX wrapper for `PSTricks' (RN,HV)

(/usr/share/texlive/texmf-dist/tex/latex/xcolor/xcolor.sty
Package: xcolor 2007/01/21 v2.11 LaTeX color extensions (UK)

(/usr/share/texlive/texmf-dist/tex/latex/latexconfig/color.cfg
File: color.cfg 2007/01/18 v1.5 color configuration of teTeX/TeXLive
)
Package xcolor Info: Driver file: pdftex.def on input line 225.
LaTeX Info: Redefining \color on input line 702.
Package xcolor Info: Model `cmy' substituted by `cmy0' on input line 1337.
Package xcolor Info: Model `hsb' substituted by `rgb' on input line 1341.
Package xcolor Info: Model `RGB' extended on input line 1353.
Package xcolor Info: Model `HTML' substituted by `rgb' on input line 1355.
Package xcolor Info: Model `Hsb' substituted by `hsb' on input line 1356.
Package xcolor Info: Model `tHsb' substituted by `hsb' on input line 1357.
Package xcolor Info: Model `HSB' substituted by `hsb' on input line 1358.
Package xcolor Info: Model `Gray' substituted by `gray' on input line 1359.
Package xcolor Info: Model `wave' substituted by `hsb' on input line 1360.
)
(/home/debian/texmf/tex/generic/pstricks/pstricks.tex
(/usr/share/texlive/texmf-dist/tex/generic/xkeyval/pst-xkey.tex
File: pst-xkey.tex 2005/11/25 v1.6 PSTricks specialization of xkeyval (HA)

(/usr/share/texlive/texmf-dist/tex/latex/xkeyval/xkeyval.sty
Package: xkeyval 2014/05/25 v2.7 package option processing (HA)

(/usr/share/texlive/texmf-dist/tex/generic/xkeyval/xkeyval.tex
(/usr/share/texlive/texmf-dist/tex/generic/xkeyval/xkvutils.tex
\XKV@toks=\toks25
\XKV@tempa@toks=\toks26
)
\XKV@depth=\count105
File: xkeyval.tex 2014/05/25 v2.7 key=value parser (HA)
)))
(/home/debian/texmf/tex/generic/pstricks/pst-fp.tex
`pst-fp' v0.05, 2010/01/17 (hv)
\pstFP@xs=\count106
\pstFP@xia=\count107
\pstFP@xib=\count108
\pstFP@xfa=\count109
\pstFP@xfb=\count110
\pstFP@rega=\count111
\pstFP@regb=\count112
\pstFP@regs=\count113
\pstFP@times=\count114
)
(/usr/share/texlive/texmf-dist/tex/generic/pgf/utilities/pgfutil-common.tex
\pgfutil@everybye=\toks27
\pgfutil@tempdima=\dimen125
\pgfutil@tempdimb=\dimen126

(/usr/share/texlive/texmf-dist/tex/generic/pgf/utilities/pgfutil-common-lists.t
ex)) (/usr/share/texlive/texmf-dist/tex/generic/pgf/utilities/pgfkeys.code.tex
\pgfkeys@pathtoks=\toks28
\pgfkeys@temptoks=\toks29

(/usr/share/texlive/texmf-dist/tex/generic/pgf/utilities/pgfkeysfiltered.code.t
ex
\pgfkeys@tmptoks=\toks30
)) (/usr/share/texlive/texmf-dist/tex/generic/pgf/utilities/pgffor.code.tex
(/usr/share/texlive/texmf-dist/tex/generic/pgf/math/pgfmath.code.tex
(/usr/share/texlive/texmf-dist/tex/generic/pgf/math/pgfmathcalc.code.tex
(/usr/share/texlive/texmf-dist/tex/generic/pgf/math/pgfmathutil.code.tex
\pgf@x=\dimen127
\pgf@xa=\dimen128
\pgf@xb=\dimen129
\pgf@xc=\dimen130
\pgf@y=\dimen131
\pgf@ya=\dimen132
\pgf@yb=\dimen133
\pgf@yc=\dimen134
\c@pgf@counta=\count115
\c@pgf@countb=\count116
\c@pgf@countc=\count117
\c@pgf@countd=\count118
\pgfutil@tempcnta=\count119
\pgfutil@tempcntb=\count120
)
(/usr/share/texlive/texmf-dist/tex/generic/pgf/math/pgfmathparser.code.tex
\pgfmath@dimen=\dimen135
\pgfmath@count=\count121
\pgfmath@box=\box37
\pgfmath@toks=\toks31
\pgfmath@stack@operand=\toks32
\pgfmath@stack@operation=\toks33
)
(/usr/share/texlive/texmf-dist/tex/generic/pgf/math/pgfmathfunctions.code.tex
(/usr/share/texlive/texmf-dist/tex/generic/pgf/math/pgfmathfunctions.basic.code
.tex)
(/usr/share/texlive/texmf-dist/tex/generic/pgf/math/pgfmathfunctions.trigonomet
ric.code.tex)
(/usr/share/texlive/texmf-dist/tex/generic/pgf/math/pgfmathfunctions.random.cod
e.tex)
(/usr/share/texlive/texmf-dist/tex/generic/pgf/math/pgfmathfunctions.comparison
.code.tex)
(/usr/share/texlive/texmf-dist/tex/generic/pgf/math/pgfmathfunctions.base.code.
tex)
(/usr/share/texlive/texmf-dist/tex/generic/pgf/math/pgfmathfunctions.round.code
.tex)
(/usr/share/texlive/texmf-dist/tex/generic/pgf/math/pgfmathfunctions.misc.code.
tex)
(/usr/share/texlive/texmf-dist/tex/generic/pgf/math/pgfmathfunctions.integerari
thmetics.code.tex)))
(/usr/share/texlive/texmf-dist/tex/generic/pgf/math/pgfmathfloat.code.tex
\c@pgfmathroundto@lastzeros=\count122
))
\pgffor@iter=\dimen136
\pgffor@skip=\dimen137
\pgffor@stack=\toks34
\pgffor@toks=\toks35
)
\psLoopIndex=\count123

`PSTricks' v2.64b  <2015/14/11> (tvz)
\pst@dima=\dimen138
\pst@dimb=\dimen139
\pst@dimc=\dimen140
\pst@dimd=\dimen141
\pst@dimg=\dimen142
\pst@dimh=\dimen143
\pst@dimm=\dimen144
\pst@dimn=\dimen145
\pst@dimo=\dimen146
\pst@dimp=\dimen147
\pst@hbox=\box38
\pst@ibox=\box39
\pst@boxg=\box40
\pst@cnta=\count124
\pst@cntb=\count125
\pst@cntc=\count126
\pst@cntd=\count127
\pst@cntg=\count128
\pst@cnth=\count129
\pst@cntm=\count130
\pst@cntn=\count131
\pst@cnto=\count132
\pst@cntp=\count133
\@zero=\count134
\pst@toks=\toks36
(/home/debian/texmf/tex/generic/pstricks/pstricks.con)
\psunit=\dimen148
\psxunit=\dimen149
\psyunit=\dimen150
\pst@C@@rType=\count135
\pslinewidth=\dimen151
\psk@startLW=\dimen152
\psk@endLW=\dimen153
\pst@customdefs=\toks37
\pslinearc=\dimen154
\pst@symbolStep=\dimen155
\pst@symbolWidth=\dimen156
\pst@symbolLinewidth=\dimen157
\everypsbox=\toks38
\psframesep=\dimen158
\pslabelsep=\dimen159
\sh@wgridXunit=\dimen160
\sh@wgridYunit=\dimen161
\pst@shift=\dimen162
)
File: pstricks.tex 2015/14/11 v2.64b `PSTricks' (tvz,hv)

(/home/debian/texmf/tex/generic/pstricks/pst-fp.tex)
File: pst-fp.tex 2015/14/11 v2.64b `PST-fp' (hv)
)
(/usr/share/texlive/texmf-dist/tex/latex/pstricks-add/pstricks-add.sty
(/usr/share/texlive/texmf-dist/tex/latex/pst-plot/pst-plot.sty
Package: pst-plot 2011/06/05 v1.00 LaTeX wrapper for `pst-plot' (HV)

(/usr/share/texlive/texmf-dist/tex/latex/xkeyval/pst-xkey.sty
Package: pst-xkey 2005/11/25 v1.6 package wrapper for pst-xkey.tex (HA)
)
(/usr/share/texlive/texmf-dist/tex/latex/multido/multido.sty
Package: multido 2004/05/17 package wrapper for PSTricks `multido.tex', (HV/RN)


(/usr/share/texlive/texmf-dist/tex/generic/multido/multido.tex
 v1.42, 2010/05/14 <tvz>
\multido@count=\count136
\multidocount=\count137
\multido@stuff=\toks39
)
File: multido.tex 2010/05/14 v1.42 `multido' (tvz,hv)
)
Package: pst-plot 2011/04/13 package wrapper for pst-plot.tex (hv)

(/usr/share/texlive/texmf-dist/tex/generic/pst-plot/pst-plot.tex
(/usr/share/texlive/texmf-dist/tex/generic/pst-tools/pst-tools.tex
`PST-tools' v0.05, 2014/05/12 (hv))  v1.70, 2014/08/23 (tvz,hv)
\pstRadUnit=\dimen163
\pstRadUnitInv=\dimen164
\pst@linecnt=\count138
\RCD@file=\read2
\psxlabelsep=\dimen165
\psylabelsep=\dimen166
\psk@subticksize=\dimen167
\pst@xticksizeA=\dimen168
\pst@xticksizeB=\dimen169
\pst@xticksizeC=\dimen170
\pst@yticksizeA=\dimen171
\pst@yticksizeB=\dimen172
\pst@yticksizeC=\dimen173
\@digitcounter=\count139
\psk@llx=\dimen174
\psk@lly=\dimen175
\psk@urx=\dimen176
\psk@ury=\dimen177
\pst@xunit=\dimen178
\pst@yunit=\dimen179
)
File: pst-plot.tex 2014/08/23 1.70 `pst-plot' (tvz,hv)
)
(/usr/share/texlive/texmf-dist/tex/latex/pst-node/pst-node.sty
Package: pst-node 2012/09/18 v1.01 LaTeX wrapper for `pst-node' (HV)
Package: pst-node 2010/04/22 package wrapper for pst-node.tex

(/usr/share/texlive/texmf-dist/tex/generic/pst-node/pst-node.tex
 v1.35, 2014/08/04
\psrow=\count140
\pscol=\count141
\psmatrixcnt=\count142
\psrowsep=\skip48
\pscolsep=\skip49
\pst@args=\count143
\num@pts=\count144
\pst@argcnt=\count145
)
File: pst-node.tex 2014/08/04 1.35 `pst-node' (tvz,hv)
) (/usr/share/texlive/texmf-dist/tex/latex/pst-3d/pst-3d.sty
Package: pst-3d 2009/07/28 package wrapper for pst-3d.tex (hv)
(/usr/share/texlive/texmf-dist/tex/generic/pst-3d/pst-3d.tex
`PST-3d' v1.11, 2010/02/14 (tvz))
File: pst-3d.tex 2010/02/14 v1.11 `PST-3d' (hv)
)
(/usr/share/texlive/texmf-dist/tex/latex/pst-math/pst-math.sty
Package: pst-math 2014/07/30 package wrapper for PSTricks pst-math.tex

(/usr/share/texlive/texmf-dist/tex/generic/pst-math/pst-math.tex
`pst-math' v0.63 , (CJ,hv))
File: pst-math.tex 2014/07/30 v0.63 `PST-math' (hv)
)
Package: pstricks-add 2010/02/11 v. 0.14 package wrapper for pstricks-add.tex (
hv)

(/usr/share/texlive/texmf-dist/tex/generic/pstricks-add/pstricks-add.tex
`pstricks-add' v3.75, 2014/07/22 (dr,hv)
\psparallelogramsep=\dimen180
\pshooklength=\dimen181
\pshookwidth=\dimen182
\pst@cntC=\count146
\chart@ColorIndex=\dimen183
\chart@ColorStep=\dimen184
\pst@chartHeight=\dimen185
\pst@chartStackDepth=\dimen186
\pst@chartStackWidth=\dimen187
\chart@Toggle=\count147
\psVectorCtr=\count148
)
File: pstricks-add.tex 2014/07/22 v3.75 `PSTricks-add' (hv)
Package pstricks-add Info: Local config file pstricks-add.cfg used on input lin
e 20.

(/usr/share/texlive/texmf-dist/tex/latex/pstricks-add/pstricks-add.cfg
File: pstricks-add.cfg 2005/01/10 v0.1 addtional user stuff (hv)
))
(/usr/share/texlive/texmf-dist/tex/latex/underscore/underscore.sty
Package: underscore 2006/09/13
LaTeX Info: Redefining \_ on input line 42.
)
(/home/debian/texmf/tex/latex/listings/listings.sty
\lst@mode=\count149
\lst@gtempboxa=\box41
\lst@token=\toks40
\lst@length=\count150
\lst@currlwidth=\dimen188
\lst@column=\count151
\lst@pos=\count152
\lst@lostspace=\dimen189
\lst@width=\dimen190
\lst@newlines=\count153
\lst@lineno=\count154
\lst@maxwidth=\dimen191

(/home/debian/texmf/tex/latex/listings/lstmisc.sty
File: lstmisc.sty 2015/06/04 1.6 (Carsten Heinz)
\c@lstnumber=\count155
\lst@skipnumbers=\count156
\lst@framebox=\box42
)
(/home/debian/texmf/tex/latex/listings/listings.cfg
File: listings.cfg 2015/06/04 1.6 listings configuration
))
Package: listings 2015/06/04 1.6 (Carsten Heinz)

(/usr/share/texlive/texmf-dist/tex/latex/hyperref/hyperref.sty
Package: hyperref 2012/11/06 v6.83m Hypertext links for LaTeX

(/usr/share/texlive/texmf-dist/tex/generic/oberdiek/hobsub-hyperref.sty
Package: hobsub-hyperref 2012/05/28 v1.13 Bundle oberdiek, subset hyperref (HO)


(/usr/share/texlive/texmf-dist/tex/generic/oberdiek/hobsub-generic.sty
Package: hobsub-generic 2012/05/28 v1.13 Bundle oberdiek, subset generic (HO)
Package: hobsub 2012/05/28 v1.13 Construct package bundles (HO)
Package hobsub Info: Skipping package `infwarerr' (already loaded).
Package hobsub Info: Skipping package `ltxcmds' (already loaded).
Package: ifluatex 2010/03/01 v1.3 Provides the ifluatex switch (HO)
Package ifluatex Info: LuaTeX not detected.
Package: ifvtex 2010/03/01 v1.5 Detect VTeX and its facilities (HO)
Package ifvtex Info: VTeX not detected.
Package: intcalc 2007/09/27 v1.1 Expandable calculations with integers (HO)
Package: ifpdf 2011/01/30 v2.3 Provides the ifpdf switch (HO)
Package ifpdf Info: pdfTeX in PDF mode is detected.
Package: etexcmds 2011/02/16 v1.5 Avoid name clashes with e-TeX commands (HO)
Package etexcmds Info: Could not find \expanded.
(etexcmds)             That can mean that you are not using pdfTeX 1.50 or
(etexcmds)             that some package has redefined \expanded.
(etexcmds)             In the latter case, load this package earlier.
Package: kvsetkeys 2012/04/25 v1.16 Key value parser (HO)
Package: kvdefinekeys 2011/04/07 v1.3 Define keys (HO)
Package: pdftexcmds 2011/11/29 v0.20 Utility functions of pdfTeX for LuaTeX (HO
)
Package pdftexcmds Info: LuaTeX not detected.
Package pdftexcmds Info: \pdf@primitive is available.
Package pdftexcmds Info: \pdf@ifprimitive is available.
Package pdftexcmds Info: \pdfdraftmode found.
Package: pdfescape 2011/11/25 v1.13 Implements pdfTeX's escape features (HO)
Package: bigintcalc 2012/04/08 v1.3 Expandable calculations on big integers (HO
)
Package: bitset 2011/01/30 v1.1 Handle bit-vector datatype (HO)
Package: uniquecounter 2011/01/30 v1.2 Provide unlimited unique counter (HO)
)
Package hobsub Info: Skipping package `hobsub' (already loaded).
Package: letltxmacro 2010/09/02 v1.4 Let assignment for LaTeX macros (HO)
Package: hopatch 2012/05/28 v1.2 Wrapper for package hooks (HO)
Package: xcolor-patch 2011/01/30 xcolor patch
Package: atveryend 2011/06/30 v1.8 Hooks at the very end of document (HO)
Package atveryend Info: \enddocument detected (standard20110627).
Package: atbegshi 2011/10/05 v1.16 At begin shipout hook (HO)
Package: refcount 2011/10/16 v3.4 Data extraction from label references (HO)
Package: hycolor 2011/01/30 v1.7 Color options for hyperref/bookmark (HO)
)
(/usr/share/texlive/texmf-dist/tex/generic/ifxetex/ifxetex.sty
Package: ifxetex 2010/09/12 v0.6 Provides ifxetex conditional
)
(/usr/share/texlive/texmf-dist/tex/latex/oberdiek/auxhook.sty
Package: auxhook 2011/03/04 v1.3 Hooks for auxiliary files (HO)
)
(/usr/share/texlive/texmf-dist/tex/latex/oberdiek/kvoptions.sty
Package: kvoptions 2011/06/30 v3.11 Key value format for package options (HO)
)
\@linkdim=\dimen192
\Hy@linkcounter=\count157
\Hy@pagecounter=\count158

(/usr/share/texlive/texmf-dist/tex/latex/hyperref/pd1enc.def
File: pd1enc.def 2012/11/06 v6.83m Hyperref: PDFDocEncoding definition (HO)
)
\Hy@SavedSpaceFactor=\count159

(/usr/share/texlive/texmf-dist/tex/latex/latexconfig/hyperref.cfg
File: hyperref.cfg 2002/06/06 v1.2 hyperref configuration of TeXLive
)
Package hyperref Info: Hyper figures OFF on input line 4443.
Package hyperref Info: Link nesting OFF on input line 4448.
Package hyperref Info: Hyper index ON on input line 4451.
Package hyperref Info: Plain pages OFF on input line 4458.
Package hyperref Info: Backreferencing OFF on input line 4463.
Package hyperref Info: Implicit mode ON; LaTeX internals redefined.
Package hyperref Info: Bookmarks ON on input line 4688.
\c@Hy@tempcnt=\count160

(/usr/share/texlive/texmf-dist/tex/latex/url/url.sty
\Urlmuskip=\muskip12
Package: url 2013/09/16  ver 3.4  Verb mode for urls, etc.
)
LaTeX Info: Redefining \url on input line 5041.
\XeTeXLinkMargin=\dimen193
\Fld@menulength=\count161
\Field@Width=\dimen194
\Fld@charsize=\dimen195
Package hyperref Info: Hyper figures OFF on input line 6295.
Package hyperref Info: Link nesting OFF on input line 6300.
Package hyperref Info: Hyper index ON on input line 6303.
Package hyperref Info: backreferencing OFF on input line 6310.
Package hyperref Info: Link coloring OFF on input line 6315.
Package hyperref Info: Link coloring with OCG OFF on input line 6320.
Package hyperref Info: PDF/A mode OFF on input line 6325.
LaTeX Info: Redefining \ref on input line 6365.
LaTeX Info: Redefining \pageref on input line 6369.
\Hy@abspage=\count162
\c@Item=\count163
\c@Hfootnote=\count164
)

Package hyperref Message: Driver (autodetected): hpdftex.

(/usr/share/texlive/texmf-dist/tex/latex/hyperref/hpdftex.def
File: hpdftex.def 2012/11/06 v6.83m Hyperref driver for pdfTeX
\Fld@listcount=\count165
\c@bookmark@seq@number=\count166

(/usr/share/texlive/texmf-dist/tex/latex/oberdiek/rerunfilecheck.sty
Package: rerunfilecheck 2011/04/15 v1.7 Rerun checks for auxiliary files (HO)
Package uniquecounter Info: New unique counter `rerunfilecheck' on input line 2
82.
)
\Hy@SectionHShift=\skip50
)
(/usr/share/texlive/texmf-dist/tex/latex/geometry/geometry.sty
Package: geometry 2010/09/12 v5.6 Page Geometry
\Gm@cnth=\count167
\Gm@cntv=\count168
\c@Gm@tempcnt=\count169
\Gm@bindingoffset=\dimen196
\Gm@wd@mp=\dimen197
\Gm@odd@mp=\dimen198
\Gm@even@mp=\dimen199
\Gm@layoutwidth=\dimen200
\Gm@layoutheight=\dimen201
\Gm@layouthoffset=\dimen202
\Gm@layoutvoffset=\dimen203
\Gm@dimlist=\toks41
) (./lab3.aux)
\openout1 = `lab3.aux'.

LaTeX Font Info:    Checking defaults for OML/cmm/m/it on input line 9.
LaTeX Font Info:    ... okay on input line 9.
LaTeX Font Info:    Checking defaults for T1/cmr/m/n on input line 9.
LaTeX Font Info:    ... okay on input line 9.
LaTeX Font Info:    Checking defaults for OT1/cmr/m/n on input line 9.
LaTeX Font Info:    ... okay on input line 9.
LaTeX Font Info:    Checking defaults for OMS/cmsy/m/n on input line 9.
LaTeX Font Info:    ... okay on input line 9.
LaTeX Font Info:    Checking defaults for OMX/cmex/m/n on input line 9.
LaTeX Font Info:    ... okay on input line 9.
LaTeX Font Info:    Checking defaults for U/cmr/m/n on input line 9.
LaTeX Font Info:    ... okay on input line 9.
LaTeX Font Info:    Checking defaults for PD1/pdf/m/n on input line 9.
LaTeX Font Info:    ... okay on input line 9.

(/usr/share/texlive/texmf-dist/tex/context/base/supp-pdf.mkii
[Loading MPS to PDF converter (version 2006.09.02).]
\scratchcounter=\count170
\scratchdimen=\dimen204
\scratchbox=\box43
\nofMPsegments=\count171
\nofMParguments=\count172
\everyMPshowfont=\toks42
\MPscratchCnt=\count173
\MPscratchDim=\dimen205
\MPnumerator=\count174
\makeMPintoPDFobject=\count175
\everyMPtoPDFconversion=\toks43
) (/usr/share/texlive/texmf-dist/tex/latex/oberdiek/epstopdf-base.sty
Package: epstopdf-base 2010/02/09 v2.5 Base part for package epstopdf

(/usr/share/texlive/texmf-dist/tex/latex/oberdiek/grfext.sty
Package: grfext 2010/08/19 v1.1 Manage graphics extensions (HO)
)
Package grfext Info: Graphics extension search list:
(grfext)             [.png,.pdf,.jpg,.mps,.jpeg,.jbig2,.jb2,.PNG,.PDF,.JPG,.JPE
G,.JBIG2,.JB2,.eps]
(grfext)             \AppendGraphicsExtensions on input line 452.

(/usr/share/texlive/texmf-dist/tex/latex/latexconfig/epstopdf-sys.cfg
File: epstopdf-sys.cfg 2010/07/13 v1.3 Configuration of (r)epstopdf for TeX Liv
e
))
\c@lstlisting=\count176
\AtBeginShipoutBox=\box44
Package hyperref Info: Link coloring OFF on input line 9.

(/usr/share/texlive/texmf-dist/tex/latex/hyperref/nameref.sty
Package: nameref 2012/10/27 v2.43 Cross-referencing by name of section

(/usr/share/texlive/texmf-dist/tex/generic/oberdiek/gettitlestring.sty
Package: gettitlestring 2010/12/03 v1.4 Cleanup title references (HO)
)
\c@section@level=\count177
)
LaTeX Info: Redefining \ref on input line 9.
LaTeX Info: Redefining \pageref on input line 9.
LaTeX Info: Redefining \nameref on input line 9.

(./lab3.out) (./lab3.out)
\@outlinefile=\write3
\openout3 = `lab3.out'.


*geometry* driver: auto-detecting
*geometry* detected driver: pdftex
*geometry* verbose mode - [ preamble ] result:
* driver: pdftex
* paper: custom
* layout: <same size as paper>
* layoutoffset:(h,v)=(0.0pt,0.0pt)
* modes: 
* h-part:(L,W,R)=(36.135pt, 361.35pt, 36.135pt)
* v-part:(T,H,B)=(36.135pt, 289.08pt, 36.135pt)
* \paperwidth=433.62pt
* \paperheight=361.34999pt
* \textwidth=361.35pt
* \textheight=289.08pt
* \oddsidemargin=-36.135pt
* \evensidemargin=-36.135pt
* \topmargin=-73.135pt
* \headheight=12.0pt
* \headsep=25.0pt
* \topskip=10.0pt
* \footskip=30.0pt
* \marginparwidth=65.0pt
* \marginparsep=11.0pt
* \columnsep=10.0pt
* \skip\footins=9.0pt plus 4.0pt minus 2.0pt
* \hoffset=0.0pt
* \voffset=0.0pt
* \mag=1000
* \@twocolumnfalse
* \@twosidefalse
* \@mparswitchfalse
* \@reversemarginfalse
* (1in=72.27pt=25.4mm, 1cm=28.453pt)

LaTeX Font Info:    Try loading font information for U+msa on input line 12.
(/usr/share/texlive/texmf-dist/tex/latex/amsfonts/umsa.fd
File: umsa.fd 2013/01/14 v3.01 AMS symbols A
)
LaTeX Font Info:    Try loading font information for U+msb on input line 12.

(/usr/share/texlive/texmf-dist/tex/latex/amsfonts/umsb.fd
File: umsb.fd 2013/01/14 v3.01 AMS symbols B
) [1
Non-PDF special ignored!
Non-PDF special ignored!
Non-PDF special ignored!
Non-PDF special ignored!
Non-PDF special ignored!
Non-PDF special ignored!
Non-PDF special ignored!
Non-PDF special ignored!


Non-PDF special ignored!
Non-PDF special ignored!
Non-PDF special ignored!
Non-PDF special ignored!{/var/lib/texmf/fonts/map/pdftex/updmap/pdftex.map}]
[2

]
Underfull \hbox (badness 10000) in paragraph at lines 46--47

 []

<euclidsml.png, id=51, 394.47375pt x 109.40875pt>
File: euclidsml.png Graphic file (type png)
 <use euclidsml.png>
Package pdftex.def Info: euclidsml.png used on input line 48.
(pdftex.def)             Requested size: 236.68607pt x 65.64574pt.
 [3

 <./euclidsml.png>] <euclidc.png, id=59, 304.13625pt x 41.15375pt>
File: euclidc.png Graphic file (type png)
 <use euclidc.png>
Package pdftex.def Info: euclidc.png used on input line 65.
(pdftex.def)             Requested size: 152.06775pt x 20.57681pt.

[4

 <./euclidc.png>] (/home/debian/texmf/tex/latex/listings/lstlang1.sty
File: lstlang1.sty 2015/06/04 1.6 listings language file
)
(/home/debian/texmf/tex/latex/listings/lstmisc.sty
File: lstmisc.sty 2015/06/04 1.6 (Carsten Heinz)
) (./lab.c
LaTeX Font Info:    Try loading font information for OML+cmr on input line 1.

(/usr/share/texlive/texmf-dist/tex/latex/base/omlcmr.fd
File: omlcmr.fd 2014/09/29 v2.5h Standard LaTeX font definitions
)
LaTeX Font Info:    Font shape `OML/cmr/m/n' in size <10> not available
(Font)              Font shape `OML/cmm/m/it' tried instead on input line 1.
) (./lab.c
LaTeX Font Info:    Try loading font information for OMS+cmr on input line 3.

(/usr/share/texlive/texmf-dist/tex/latex/base/omscmr.fd
File: omscmr.fd 2014/09/29 v2.5h Standard LaTeX font definitions
)
LaTeX Font Info:    Font shape `OMS/cmr/m/n' in size <10> not available
(Font)              Font shape `OMS/cmsy/m/n' tried instead on input line 3.
)
Underfull \hbox (badness 10000) in paragraph at lines 75--80

 []


Underfull \hbox (badness 10000) in paragraph at lines 81--87

 []

[5

]
Underfull \hbox (badness 10000) in paragraph at lines 88--96

 []


Underfull \hbox (badness 10000) in paragraph at lines 97--102

 []

[6]
Underfull \hbox (badness 10000) in paragraph at lines 103--109

 []


Underfull \hbox (badness 10000) in paragraph at lines 110--115

 []


Underfull \hbox (badness 10000) in paragraph at lines 116--121

 []

[7

]
Underfull \hbox (badness 10000) in paragraph at lines 123--131

 []

[8

] [9

] [10

] [11

] [12

] [13] <asmfinal.png, id=115, 324.21124pt x 37.13875pt>
File: asmfinal.png Graphic file (type png)

<use asmfinal.png>
Package pdftex.def Info: asmfinal.png used on input line 211.
(pdftex.def)             Requested size: 259.36934pt x 29.71103pt.
 [14

 <./asmfinal.png>]
Underfull \hbox (badness 10000) in paragraph at lines 218--219

 []

<gcdsample.PNG, id=124, 225.09094pt x 188.95593pt>
File: gcdsample.PNG Graphic file (type png)
 <use gcdsample.PNG>
Package pdftex.def Info: gcdsample.PNG used on input line 222.
(pdftex.def)             Requested size: 90.03477pt x 75.58102pt.
 [15

 <./gcdsample.PNG>] <gcd.PNG, id=133, 670.75594pt x 167.12437pt>
File: gcd.PNG Graphic file (type png)
 <use gcd.PNG>
Package pdftex.def Info: gcd.PNG used on input line 226.
(pdftex.def)             Requested size: 335.37714pt x 83.56197pt.

Underfull \hbox (badness 10000) in paragraph at lines 225--234

 []

[16

 <./gcd.PNG>] <euclidasm.PNG, id=147, 539.616pt x 488.42474pt>
File: euclidasm.PNG Graphic file (type png)

<use euclidasm.PNG>
Package pdftex.def Info: euclidasm.PNG used on input line 238.
(pdftex.def)             Requested size: 215.84258pt x 195.36642pt.
 [17

 <./euclidasm.PNG>]
<s1.png, id=155, 586.19pt x 814.04124pt>
File: s1.png Graphic file (type png)
 <use s1.png>
Package pdftex.def Info: s1.png used on input line 243.
(pdftex.def)             Requested size: 175.85835pt x 244.21425pt.

Overfull \hbox (33.59457pt too wide) in paragraph at lines 243--244
[][] 
 []

<info1.png, id=156, 460.72125pt x 187.70125pt>
File: info1.png Graphic file (type png)
 <use info1.png>
Package pdftex.def Info: info1.png used on input line 247.
(pdftex.def)             Requested size: 184.28523pt x 75.07916pt.

<x1.png, id=157, 692.5875pt x 58.2175pt>
File: x1.png Graphic file (type png)
 <use x1.png>
Package pdftex.def Info: x1.png used on input line 248.
(pdftex.def)             Requested size: 207.77785pt x 17.46538pt.

<bt1.png, id=158, 232.87pt x 40.15pt>
File: bt1.png Graphic file (type png)
 <use bt1.png>
Package pdftex.def Info: bt1.png used on input line 249.
(pdftex.def)             Requested size: 116.43471pt x 20.07494pt.

Underfull \hbox (badness 10000) in paragraph at lines 246--250

 []


Overfull \hbox (10.75803pt too wide) in paragraph at lines 242--251
$[]$ $[]$ 
 []

[18

 <./s1.png> <./info1.png> <./x1.png> <./bt1.png>]
<s2.png, id=165, 586.19pt x 814.04124pt>
File: s2.png Graphic file (type png)
 <use s2.png>
Package pdftex.def Info: s2.png used on input line 255.
(pdftex.def)             Requested size: 175.85835pt x 244.21425pt.

Overfull \hbox (33.59457pt too wide) in paragraph at lines 255--256
[][] 
 []

<info2.png, id=166, 479.7925pt x 184.69pt>
File: info2.png Graphic file (type png)
 <use info2.png>
Package pdftex.def Info: info2.png used on input line 259.
(pdftex.def)             Requested size: 191.91359pt x 73.87468pt.

<x2.png, id=167, 681.54625pt x 54.2025pt>
File: x2.png Graphic file (type png)
 <use x2.png>
Package pdftex.def Info: x2.png used on input line 260.
(pdftex.def)             Requested size: 204.46545pt x 16.26086pt.

<bt2.png, id=168, 229.85875pt x 41.15375pt>
File: bt2.png Graphic file (type png)
 <use bt2.png>
Package pdftex.def Info: bt2.png used on input line 261.
(pdftex.def)             Requested size: 114.92908pt x 20.57681pt.

Underfull \hbox (badness 10000) in paragraph at lines 258--262

 []


Overfull \hbox (10.75803pt too wide) in paragraph at lines 254--263
$[]$ $[]$ 
 []

[19

 <./s2.png> <./info2.png> <./x2.png> <./bt2.png>]
<s3.png, id=176, 586.19pt x 814.04124pt>
File: s3.png Graphic file (type png)
 <use s3.png>
Package pdftex.def Info: s3.png used on input line 267.
(pdftex.def)             Requested size: 175.85835pt x 244.21425pt.

Overfull \hbox (33.59457pt too wide) in paragraph at lines 267--268
[][] 
 []

<info3.png, id=177, 479.7925pt x 186.6975pt>
File: info3.png Graphic file (type png)
 <use info3.png>
Package pdftex.def Info: info3.png used on input line 271.
(pdftex.def)             Requested size: 191.91359pt x 74.67767pt.

<x3.png, id=178, 615.29875pt x 58.2175pt>
File: x3.png Graphic file (type png)
 <use x3.png>
Package pdftex.def Info: x3.png used on input line 272.
(pdftex.def)             Requested size: 184.59105pt x 17.46538pt.

<bt3.png, id=179, 238.8925pt x 44.165pt>
File: bt3.png Graphic file (type png)
 <use bt3.png>
Package pdftex.def Info: bt3.png used on input line 273.
(pdftex.def)             Requested size: 119.44595pt x 22.08243pt.

Underfull \hbox (badness 10000) in paragraph at lines 270--274

 []


Overfull \hbox (10.75803pt too wide) in paragraph at lines 266--275
$[]$ $[]$ 
 []

[20

 <./s3.png> <./info3.png> <./x3.png> <./bt3.png>]
File: s3.png Graphic file (type png)
 <use s3.png>
Package pdftex.def Info: s3.png used on input line 279.
(pdftex.def)             Requested size: 175.85835pt x 244.21425pt.

Overfull \hbox (33.59457pt too wide) in paragraph at lines 279--280
[][] 
 []

<info4.png, id=186, 459.7175pt x 185.69376pt>
File: info4.png Graphic file (type png)
 <use info4.png>
Package pdftex.def Info: info4.png used on input line 283.
(pdftex.def)             Requested size: 183.88373pt x 74.27618pt.

<x4.png, id=187, 609.27625pt x 57.21375pt>
File: x4.png Graphic file (type png)
 <use x4.png>
Package pdftex.def Info: x4.png used on input line 284.
(pdftex.def)             Requested size: 182.78427pt x 17.16425pt.

<bt4.png, id=188, 241.90375pt x 41.15375pt>
File: bt4.png Graphic file (type png)
 <use bt4.png>
Package pdftex.def Info: bt4.png used on input line 285.
(pdftex.def)             Requested size: 120.95157pt x 20.57681pt.

Underfull \hbox (badness 10000) in paragraph at lines 282--286

 []


Overfull \hbox (10.75803pt too wide) in paragraph at lines 278--287
$[]$ $[]$ 
 []

[21

 <./info4.png> <./x4.png> <./bt4.png>]
File: s3.png Graphic file (type png)
 <use s3.png>
Package pdftex.def Info: s3.png used on input line 291.
(pdftex.def)             Requested size: 175.85835pt x 244.21425pt.

Overfull \hbox (33.59457pt too wide) in paragraph at lines 291--292
[][] 
 []

<info5.png, id=194, 477.785pt x 185.69376pt>
File: info5.png Graphic file (type png)
 <use info5.png>
Package pdftex.def Info: info5.png used on input line 295.
(pdftex.def)             Requested size: 191.11061pt x 74.27618pt.

<x5.png, id=195, 538.01pt x 57.21375pt>
File: x5.png Graphic file (type png)
 <use x5.png>
Package pdftex.def Info: x5.png used on input line 296.
(pdftex.def)             Requested size: 161.40424pt x 17.16425pt.

<bt5.png, id=196, 237.88875pt x 42.1575pt>
File: bt5.png Graphic file (type png)
 <use bt5.png>
Package pdftex.def Info: bt5.png used on input line 297.
(pdftex.def)             Requested size: 118.94408pt x 21.07869pt.

Underfull \hbox (badness 10000) in paragraph at lines 294--298

 []


Overfull \hbox (10.75803pt too wide) in paragraph at lines 290--299
$[]$ $[]$ 
 []

[22

 <./info5.png> <./x5.png> <./bt5.png>]
File: s3.png Graphic file (type png)
 <use s3.png>
Package pdftex.def Info: s3.png used on input line 303.
(pdftex.def)             Requested size: 175.85835pt x 244.21425pt.

Overfull \hbox (33.59457pt too wide) in paragraph at lines 303--304
[][] 
 []

<info6.png, id=202, 475.7775pt x 188.705pt>
File: info6.png Graphic file (type png)
 <use info6.png>
Package pdftex.def Info: info6.png used on input line 307.
(pdftex.def)             Requested size: 190.30762pt x 75.48065pt.

<x6.png, id=203, 543.02875pt x 114.4275pt>
File: x6.png Graphic file (type png)
 <use x6.png>
Package pdftex.def Info: x6.png used on input line 308.
(pdftex.def)             Requested size: 217.20764pt x 45.77019pt.

<bt6.png, id=204, 360.34625pt x 60.225pt>
File: bt6.png Graphic file (type png)
 <use bt6.png>
Package pdftex.def Info: bt6.png used on input line 309.
(pdftex.def)             Requested size: 180.17268pt x 30.11241pt.

Underfull \hbox (badness 10000) in paragraph at lines 306--310

 []


Overfull \hbox (10.75803pt too wide) in paragraph at lines 302--311
$[]$ $[]$ 
 []

[23

 <./info6.png> <./x6.png> <./bt6.png>]
File: s3.png Graphic file (type png)
 <use s3.png>
Package pdftex.def Info: s3.png used on input line 315.
(pdftex.def)             Requested size: 175.85835pt x 244.21425pt.

Overfull \hbox (33.59457pt too wide) in paragraph at lines 315--316
[][] 
 []

<info7.png, id=211, 472.76625pt x 185.69376pt>
File: info7.png Graphic file (type png)
 <use info7.png>
Package pdftex.def Info: info7.png used on input line 319.
(pdftex.def)             Requested size: 189.10315pt x 74.27618pt.

<x7.png, id=212, 538.01pt x 110.4125pt>
File: x7.png Graphic file (type png)
 <use x7.png>
Package pdftex.def Info: x7.png used on input line 320.
(pdftex.def)             Requested size: 215.20018pt x 44.1642pt.

<bt7.png, id=213, 360.34625pt x 59.22125pt>
File: bt7.png Graphic file (type png)
 <use bt7.png>
Package pdftex.def Info: bt7.png used on input line 321.
(pdftex.def)             Requested size: 180.17268pt x 29.61053pt.

Underfull \hbox (badness 10000) in paragraph at lines 318--322

 []


Overfull \hbox (10.75803pt too wide) in paragraph at lines 314--323
$[]$ $[]$ 
 []

[24

 <./info7.png> <./x7.png> <./bt7.png>]
File: s3.png Graphic file (type png)
 <use s3.png>
Package pdftex.def Info: s3.png used on input line 327.
(pdftex.def)             Requested size: 175.85835pt x 244.21425pt.

Overfull \hbox (33.59457pt too wide) in paragraph at lines 327--328
[][] 
 []

<info8.png, id=220, 471.7625pt x 185.69376pt>
File: info8.png Graphic file (type png)
 <use info8.png>
Package pdftex.def Info: info8.png used on input line 331.
(pdftex.def)             Requested size: 188.70164pt x 74.27618pt.

<x8.png, id=221, 542.025pt x 111.41624pt>
File: x8.png Graphic file (type png)
 <use x8.png>
Package pdftex.def Info: x8.png used on input line 332.
(pdftex.def)             Requested size: 216.80615pt x 44.5657pt.

<bt8.png, id=222, 359.3425pt x 58.2175pt>
File: bt8.png Graphic file (type png)
 <use bt8.png>
Package pdftex.def Info: bt8.png used on input line 333.
(pdftex.def)             Requested size: 179.6708pt x 29.10867pt.

Underfull \hbox (badness 10000) in paragraph at lines 330--334

 []


Overfull \hbox (10.75803pt too wide) in paragraph at lines 326--335
$[]$ $[]$ 
 []

[25

 <./info8.png> <./x8.png> <./bt8.png>]
File: s3.png Graphic file (type png)
 <use s3.png>
Package pdftex.def Info: s3.png used on input line 339.
(pdftex.def)             Requested size: 175.85835pt x 244.21425pt.

Overfull \hbox (33.59457pt too wide) in paragraph at lines 339--340
[][] 
 []

<info9.png, id=230, 480.79625pt x 184.69pt>
File: info9.png Graphic file (type png)
 <use info9.png>
Package pdftex.def Info: info9.png used on input line 343.
(pdftex.def)             Requested size: 192.31508pt x 73.87468pt.

<x9.png, id=231, 539.01375pt x 112.42pt>
File: x9.png Graphic file (type png)
 <use x9.png>
Package pdftex.def Info: x9.png used on input line 344.
(pdftex.def)             Requested size: 215.60167pt x 44.9672pt.

<bt9.png, id=232, 357.335pt x 55.20625pt>
File: bt9.png Graphic file (type png)
 <use bt9.png>
Package pdftex.def Info: bt9.png used on input line 345.
(pdftex.def)             Requested size: 178.66705pt x 27.60304pt.

Underfull \hbox (badness 10000) in paragraph at lines 342--346

 []


Overfull \hbox (10.75803pt too wide) in paragraph at lines 338--347
$[]$ $[]$ 
 []

[26

 <./info9.png> <./x9.png> <./bt9.png>]
File: s3.png Graphic file (type png)
 <use s3.png>
Package pdftex.def Info: s3.png used on input line 351.
(pdftex.def)             Requested size: 175.85835pt x 244.21425pt.

Overfull \hbox (33.59457pt too wide) in paragraph at lines 351--352
[][] 
 []

<bxi10.png, id=238, 539.01375pt x 348.30125pt>
File: bxi10.png Graphic file (type png)
 <use bxi10.png>
Package pdftex.def Info: bxi10.png used on input line 355.
(pdftex.def)             Requested size: 215.60167pt x 139.31802pt.

Underfull \hbox (badness 10000) in paragraph at lines 354--356

 []


Overfull \hbox (10.75803pt too wide) in paragraph at lines 350--357
$[]$ $[]$ 
 []

[27

 <./bxi10.png>]
File: s3.png Graphic file (type png)
 <use s3.png>
Package pdftex.def Info: s3.png used on input line 361.
(pdftex.def)             Requested size: 175.85835pt x 244.21425pt.

Overfull \hbox (33.59457pt too wide) in paragraph at lines 361--362
[][] 
 []

<bxi11.png, id=244, 539.01375pt x 348.30125pt>
File: bxi11.png Graphic file (type png)
 <use bxi11.png>
Package pdftex.def Info: bxi11.png used on input line 365.
(pdftex.def)             Requested size: 215.60167pt x 139.31802pt.

Underfull \hbox (badness 10000) in paragraph at lines 364--366

 []


Overfull \hbox (10.75803pt too wide) in paragraph at lines 360--367
$[]$ $[]$ 
 []

[28

 <./bxi11.png>]
File: s3.png Graphic file (type png)
 <use s3.png>
Package pdftex.def Info: s3.png used on input line 371.
(pdftex.def)             Requested size: 175.85835pt x 244.21425pt.

Overfull \hbox (33.59457pt too wide) in paragraph at lines 371--372
[][] 
 []

<bxi12.png, id=250, 541.02126pt x 348.30125pt>
File: bxi12.png Graphic file (type png)
 <use bxi12.png>
Package pdftex.def Info: bxi12.png used on input line 375.
(pdftex.def)             Requested size: 216.40466pt x 139.31802pt.

Underfull \hbox (badness 10000) in paragraph at lines 374--376

 []


Overfull \hbox (10.75803pt too wide) in paragraph at lines 370--377
$[]$ $[]$ 
 []

[29

 <./bxi12.png>]
File: s3.png Graphic file (type png)
 <use s3.png>
Package pdftex.def Info: s3.png used on input line 381.
(pdftex.def)             Requested size: 175.85835pt x 244.21425pt.

Overfull \hbox (33.59457pt too wide) in paragraph at lines 381--382
[][] 
 []

<bxi13.png, id=256, 537.00626pt x 348.30125pt>
File: bxi13.png Graphic file (type png)
 <use bxi13.png>
Package pdftex.def Info: bxi13.png used on input line 385.
(pdftex.def)             Requested size: 214.79869pt x 139.31802pt.

Underfull \hbox (badness 10000) in paragraph at lines 384--386

 []


Overfull \hbox (10.75803pt too wide) in paragraph at lines 380--387
$[]$ $[]$ 
 []

[30

 <./bxi13.png>]
File: s3.png Graphic file (type png)
 <use s3.png>
Package pdftex.def Info: s3.png used on input line 391.
(pdftex.def)             Requested size: 175.85835pt x 244.21425pt.

Overfull \hbox (33.59457pt too wide) in paragraph at lines 391--392
[][] 
 []

<bxi14.png, id=262, 538.01pt x 346.29375pt>
File: bxi14.png Graphic file (type png)
 <use bxi14.png>
Package pdftex.def Info: bxi14.png used on input line 395.
(pdftex.def)             Requested size: 215.20018pt x 138.51503pt.

Underfull \hbox (badness 10000) in paragraph at lines 394--396

 []


Overfull \hbox (10.75803pt too wide) in paragraph at lines 390--397
$[]$ $[]$ 
 []

[31

 <./bxi14.png>]
File: s3.png Graphic file (type png)
 <use s3.png>
Package pdftex.def Info: s3.png used on input line 401.
(pdftex.def)             Requested size: 175.85835pt x 244.21425pt.

Overfull \hbox (33.59457pt too wide) in paragraph at lines 401--402
[][] 
 []

<bxi15.png, id=269, 541.02126pt x 348.30125pt>
File: bxi15.png Graphic file (type png)
 <use bxi15.png>
Package pdftex.def Info: bxi15.png used on input line 405.
(pdftex.def)             Requested size: 216.40466pt x 139.31802pt.

Underfull \hbox (badness 10000) in paragraph at lines 404--406

 []


Overfull \hbox (10.75803pt too wide) in paragraph at lines 400--407
$[]$ $[]$ 
 []

[32

 <./bxi15.png>]
File: s3.png Graphic file (type png)
 <use s3.png>
Package pdftex.def Info: s3.png used on input line 411.
(pdftex.def)             Requested size: 175.85835pt x 244.21425pt.

Overfull \hbox (33.59457pt too wide) in paragraph at lines 411--412
[][] 
 []

<bxi16.png, id=275, 540.0175pt x 369.38pt>
File: bxi16.png Graphic file (type png)
 <use bxi16.png>
Package pdftex.def Info: bxi16.png used on input line 416.
(pdftex.def)             Requested size: 216.00316pt x 147.74937pt.

Underfull \hbox (badness 1142) in paragraph at lines 414--417
[][]\OT1/cmtt/m/n/10 call euclid \OT1/cmr/m/n/10 There are a few things hap-pen
ed
 []


Underfull \hbox (badness 10000) in paragraph at lines 414--417

 []


Overfull \hbox (10.75803pt too wide) in paragraph at lines 410--418
$[]$ $[]$ 
 []

[33

 <./bxi16.png>]
File: s3.png Graphic file (type png)
 <use s3.png>
Package pdftex.def Info: s3.png used on input line 422.
(pdftex.def)             Requested size: 175.85835pt x 244.21425pt.

Overfull \hbox (33.59457pt too wide) in paragraph at lines 422--423
[][] 
 []

<bxi17.png, id=281, 542.025pt x 368.37625pt>
File: bxi17.png Graphic file (type png)
 <use bxi17.png>
Package pdftex.def Info: bxi17.png used on input line 426.
(pdftex.def)             Requested size: 216.80615pt x 147.34789pt.

Underfull \hbox (badness 10000) in paragraph at lines 425--427

 []


Overfull \hbox (10.75803pt too wide) in paragraph at lines 421--428
$[]$ $[]$ 
 []

[34

 <./bxi17.png>]
File: s3.png Graphic file (type png)
 <use s3.png>
Package pdftex.def Info: s3.png used on input line 432.
(pdftex.def)             Requested size: 175.85835pt x 244.21425pt.

Overfull \hbox (33.59457pt too wide) in paragraph at lines 432--433
[][] 
 []

<bxi18.png, id=287, 541.02126pt x 366.36874pt>
File: bxi18.png Graphic file (type png)
 <use bxi18.png>
Package pdftex.def Info: bxi18.png used on input line 436.
(pdftex.def)             Requested size: 216.40466pt x 146.54489pt.

Underfull \hbox (badness 10000) in paragraph at lines 435--437

 []


Overfull \hbox (10.75803pt too wide) in paragraph at lines 431--438
$[]$ $[]$ 
 []

[35

 <./bxi18.png>]
File: s3.png Graphic file (type png)
 <use s3.png>
Package pdftex.def Info: s3.png used on input line 442.
(pdftex.def)             Requested size: 175.85835pt x 244.21425pt.

Overfull \hbox (33.59457pt too wide) in paragraph at lines 442--443
[][] 
 []

<bxi19.png, id=293, 543.02875pt x 367.3725pt>
File: bxi19.png Graphic file (type png)
 <use bxi19.png>
Package pdftex.def Info: bxi19.png used on input line 446.
(pdftex.def)             Requested size: 217.20764pt x 146.94638pt.

Underfull \hbox (badness 10000) in paragraph at lines 445--447

 []


Overfull \hbox (10.75803pt too wide) in paragraph at lines 441--448
$[]$ $[]$ 
 []

[36

 <./bxi19.png>]
File: s3.png Graphic file (type png)
 <use s3.png>
Package pdftex.def Info: s3.png used on input line 452.
(pdftex.def)             Requested size: 175.85835pt x 244.21425pt.

Overfull \hbox (33.59457pt too wide) in paragraph at lines 452--453
[][] 
 []

<bxi20.png, id=299, 538.01pt x 364.36125pt>
File: bxi20.png Graphic file (type png)
 <use bxi20.png>
Package pdftex.def Info: bxi20.png used on input line 456.
(pdftex.def)             Requested size: 215.20018pt x 145.74191pt.

Underfull \hbox (badness 10000) in paragraph at lines 455--457

 []


Overfull \hbox (10.75803pt too wide) in paragraph at lines 451--458
$[]$ $[]$ 
 []

[37

 <./bxi20.png>]
File: s3.png Graphic file (type png)
 <use s3.png>
Package pdftex.def Info: s3.png used on input line 462.
(pdftex.def)             Requested size: 175.85835pt x 244.21425pt.

Overfull \hbox (33.59457pt too wide) in paragraph at lines 462--463
[][] 
 []

<bxi21.png, id=306, 545.03625pt x 364.36125pt>
File: bxi21.png Graphic file (type png)
 <use bxi21.png>
Package pdftex.def Info: bxi21.png used on input line 466.
(pdftex.def)             Requested size: 218.01064pt x 145.74191pt.

Underfull \hbox (badness 10000) in paragraph at lines 465--467

 []


Overfull \hbox (10.75803pt too wide) in paragraph at lines 461--468
$[]$ $[]$ 
 []

[38

 <./bxi21.png>]
File: s3.png Graphic file (type png)
 <use s3.png>
Package pdftex.def Info: s3.png used on input line 472.
(pdftex.def)             Requested size: 175.85835pt x 244.21425pt.

Overfull \hbox (33.59457pt too wide) in paragraph at lines 472--473
[][] 
 []

<bxi22.png, id=312, 541.02126pt x 370.38374pt>
File: bxi22.png Graphic file (type png)
 <use bxi22.png>
Package pdftex.def Info: bxi22.png used on input line 476.
(pdftex.def)             Requested size: 216.40466pt x 148.15086pt.

Underfull \hbox (badness 10000) in paragraph at lines 475--477

 []


Overfull \hbox (10.75803pt too wide) in paragraph at lines 471--478
$[]$ $[]$ 
 []

[39

 <./bxi22.png>]
File: s3.png Graphic file (type png)
 <use s3.png>
Package pdftex.def Info: s3.png used on input line 482.
(pdftex.def)             Requested size: 175.85835pt x 244.21425pt.

Overfull \hbox (33.59457pt too wide) in paragraph at lines 482--483
[][] 
 []

<bxi23.png, id=318, 541.02126pt x 365.365pt>
File: bxi23.png Graphic file (type png)
 <use bxi23.png>
Package pdftex.def Info: bxi23.png used on input line 486.
(pdftex.def)             Requested size: 216.40466pt x 146.1434pt.

Underfull \hbox (badness 10000) in paragraph at lines 485--487

 []


Overfull \hbox (10.75803pt too wide) in paragraph at lines 481--488
$[]$ $[]$ 
 []

[40

 <./bxi23.png>]
File: s3.png Graphic file (type png)
 <use s3.png>
Package pdftex.def Info: s3.png used on input line 492.
(pdftex.def)             Requested size: 175.85835pt x 244.21425pt.

Overfull \hbox (33.59457pt too wide) in paragraph at lines 492--493
[][] 
 []

<bxi24.png, id=324, 544.0325pt x 365.365pt>
File: bxi24.png Graphic file (type png)
 <use bxi24.png>
Package pdftex.def Info: bxi24.png used on input line 496.
(pdftex.def)             Requested size: 217.60915pt x 146.1434pt.

Underfull \hbox (badness 10000) in paragraph at lines 495--497

 []


Overfull \hbox (10.75803pt too wide) in paragraph at lines 491--498
$[]$ $[]$ 
 []

[41

 <./bxi24.png>]
File: s3.png Graphic file (type png)
 <use s3.png>
Package pdftex.def Info: s3.png used on input line 502.
(pdftex.def)             Requested size: 175.85835pt x 244.21425pt.

Overfull \hbox (33.59457pt too wide) in paragraph at lines 502--503
[][] 
 []

<bxi25.png, id=330, 545.03625pt x 364.36125pt>
File: bxi25.png Graphic file (type png)
 <use bxi25.png>
Package pdftex.def Info: bxi25.png used on input line 506.
(pdftex.def)             Requested size: 218.01064pt x 145.74191pt.

Underfull \hbox (badness 10000) in paragraph at lines 505--507

 []


Overfull \hbox (10.75803pt too wide) in paragraph at lines 501--508
$[]$ $[]$ 
 []

[42

 <./bxi25.png>]
Package atveryend Info: Empty hook `BeforeClearDocument' on input line 537.
 [43

]
Package atveryend Info: Empty hook `AfterLastShipout' on input line 537.
 (./lab3.aux)
Package atveryend Info: Executing hook `AtVeryEndDocument' on input line 537.
Package atveryend Info: Executing hook `AtEndAfterFileList' on input line 537.
Package rerunfilecheck Info: File `lab3.out' has not changed.
(rerunfilecheck)             Checksum: 38D73ED93889F19FAFF8BAEA354DC096;386.
Package atveryend Info: Empty hook `AtVeryVeryEnd' on input line 537.
 ) 
Here is how much of TeX's memory you used:
 17245 strings out of 495020
 279287 string characters out of 6181324
 438260 words of memory out of 5000000
 20058 multiletter control sequences out of 15000+600000
 13633 words of font info for 52 fonts, out of 8000000 for 9000
 14 hyphenation exceptions out of 8191
 44i,9n,75p,680b,1273s stack positions out of 5000i,500n,10000p,200000b,80000s
</usr/share/texlive/texmf-dist/fonts/type1/public/amsfonts/cm/cmbx10.pfb></us
r/share/texlive/texmf-dist/fonts/type1/public/amsfonts/cm/cmbx12.pfb></usr/shar
e/texlive/texmf-dist/fonts/type1/public/amsfonts/cm/cmex10.pfb></usr/share/texl
ive/texmf-dist/fonts/type1/public/amsfonts/cm/cmmi10.pfb></usr/share/texlive/te
xmf-dist/fonts/type1/public/amsfonts/cm/cmr10.pfb></usr/share/texlive/texmf-dis
t/fonts/type1/public/amsfonts/cm/cmr12.pfb></usr/share/texlive/texmf-dist/fonts
/type1/public/amsfonts/cm/cmr17.pfb></usr/share/texlive/texmf-dist/fonts/type1/
public/amsfonts/cm/cmr5.pfb></usr/share/texlive/texmf-dist/fonts/type1/public/a
msfonts/cm/cmsy10.pfb></usr/share/texlive/texmf-dist/fonts/type1/public/amsfont
s/cm/cmti10.pfb></usr/share/texlive/texmf-dist/fonts/type1/public/amsfonts/cm/c
mtt10.pfb></usr/share/texlive/texmf-dist/fonts/type1/public/amsfonts/symbols/ms
bm10.pfb>
Output written on lab3.pdf (43 pages, 665811 bytes).
PDF statistics:
 404 PDF objects out of 1000 (max. 8388607)
 282 compressed objects within 3 object streams
 90 named destinations out of 1000 (max. 500000)
 317 words of extra memory for PDF output out of 10000 (max. 10000000)

